Grupo3DDM/Intermediate/Android/armv7/gradle/app/build/outputs/mapping/release/seeds.txt
com.google.android.gms.games.multiplayer.ParticipantRef: android.net.Uri getHiResImageUri()
com.google.android.gms.internal.zzcrd: java.lang.String zzbbl()
com.google.android.gms.games.NotificationsClient: int NOTIFICATION_TYPES_MULTIPLAYER
com.google.android.gms.internal.zzbls: zzbls()
com.google.android.gms.nearby.messages.audio.AudioBytes: com.google.android.gms.nearby.messages.Message toMessage()
com.google.android.gms.nearby.messages.internal.zzaf: java.lang.String toString()
com.google.android.gms.games.event.EventEntity: EventEntity(com.google.android.gms.games.event.Event)
com.google.android.gms.nearby.messages.internal.zzaf: android.os.Parcelable$Creator CREATOR
com.google.android.gms.internal.zzcuz: com.google.android.gms.common.api.PendingResult loadVisible(com.google.android.gms.common.api.GoogleApiClient,java.lang.String)
com.google.android.gms.games.internal.experience.ExperienceEventEntity
com.google.android.gms.internal.zzcax: void initialize(android.content.Context)
com.google.android.gms.nearby.connection.Payload: com.google.android.gms.nearby.connection.Payload fromFile(java.io.File)
com.google.android.gms.games.internal.api.zzcd: com.google.android.gms.common.api.PendingResult open(com.google.android.gms.common.api.GoogleApiClient,com.google.android.gms.games.snapshot.SnapshotMetadata,int)
com.google.android.gms.nearby.connection.PayloadTransferUpdate: int getStatus()
com.google.android.gms.common.api.internal.zzcg: void onActivityResult(int,int,android.content.Intent)
com.google.android.gms.games.GamesClientStatusCodes: int SNAPSHOT_COMMIT_FAILED
com.google.android.gms.drive.query.SortOrder: android.os.Parcelable$Creator CREATOR
com.google.android.gms.internal.zzffu: boolean isInitialized()
com.google.android.gms.dynamic.zzn: com.google.android.gms.dynamic.IObjectWrapper zzz(java.lang.Object)
com.google.android.gms.internal.zzavo: com.google.android.gms.internal.zzavo zzf(com.google.android.gms.common.api.Status)
com.google.android.gms.drive.query.internal.zzk: java.lang.Object zza(com.google.android.gms.drive.query.internal.zzx,java.util.List)
com.epicgames.ue4.GameActivity: com.epicgames.ue4.GameActivity$InputDeviceInfo AndroidThunkJava_GetInputDeviceInfo(int)
com.google.android.gms.internal.zzcqx: boolean equals(java.lang.Object)
com.google.android.gms.games.video.VideoConfiguration: int getQualityLevel()
com.google.android.gms.games.internal.zzx: void zzb(com.google.android.gms.games.internal.zzs,java.lang.String,android.os.IBinder,android.os.Bundle)
com.google.android.gms.internal.zzbmt
com.google.android.gms.drive.query.internal.zzj: java.lang.Object zzapu()
com.google.android.gms.games.PlayerLevel: boolean equals(java.lang.Object)
com.google.android.gms.internal.zzcus: zzcus()
com.google.android.gms.games.internal.zzx: void zza(com.google.android.gms.games.internal.zzs,android.os.IBinder,java.lang.String,boolean,long)
com.google.android.gms.drive.query.internal.zzd: zzd(com.google.android.gms.drive.metadata.SearchableMetadataField)
com.google.android.gms.games.snapshot.zzb: java.lang.Object[] newArray(int)
com.google.android.gms.common.api.Status: com.google.android.gms.common.api.Status zzfnn
com.google.android.gms.internal.zzffg: void zzts(java.lang.String)
com.google.android.gms.common.api.internal.zzba: com.google.android.gms.common.api.internal.zzm zze(com.google.android.gms.common.api.internal.zzm)
com.android.vending.licensing.ILicensingService$Stub$Proxy: java.lang.String getInterfaceDescriptor()
com.google.android.gms.games.request.GameRequestEntity: java.lang.String toString()
com.google.android.gms.plus.Plus$PlusOptions$Builder
com.google.android.gms.games.multiplayer.zzb: java.lang.Object freeze()
com.google.android.gms.games.multiplayer.turnbased.TurnBasedMatch: byte[] getPreviousMatchData()
com.android.vending.licensing.ILicenseResultListener$Default: ILicenseResultListener$Default()
com.google.android.gms.internal.zzcaz: boolean onTransact(int,android.os.Parcel,android.os.Parcel,int)