Grupo3DDM/Intermediate/Android/armv7/gradle/app/build/outputs/mapping/release/mapping.txt
# compiler: R8
# compiler_version: 2.0.74
# min_api: 21
# pg_map_id: b579b1a
# common_typos_disable
...
com.google.android.gms.internal.zzcup -> com.google.android.gms.internal.zzcup:
    boolean zzjxm -> e
    boolean zzjxn -> f
    java.lang.String zzjxi -> a
    java.lang.String zzjxk -> c
    android.net.Uri zzjxj -> b
    java.lang.String zzjxl -> d
    java.lang.String zza(com.google.android.gms.internal.zzcup) -> a
    android.net.Uri zzb(com.google.android.gms.internal.zzcup) -> b
    java.lang.String zzc(com.google.android.gms.internal.zzcup) -> c
    java.lang.String zzd(com.google.android.gms.internal.zzcup) -> d
    boolean zze(com.google.android.gms.internal.zzcup) -> e
    boolean zzf(com.google.android.gms.internal.zzcup) -> f
com.google.android.gms.internal.zzcut -> com.google.android.gms.internal.zzcut:
    java.lang.String zzhj() -> A
    android.os.IInterface zzd(android.os.IBinder) -> v
com.google.android.gms.internal.zzcuv -> com.google.android.gms.internal.i8:
    void zza(com.google.android.gms.common.api.Api$zzb) -> d
com.google.android.gms.internal.zzcuw -> com.google.android.gms.internal.j8:
com.google.android.gms.internal.zzcva -> com.google.android.gms.internal.k8:
    int zzjyo -> s
    java.lang.String zzjyp -> t
    void zza(com.google.android.gms.common.api.Api$zzb) -> d
com.google.android.gms.internal.zzcvb -> com.google.android.gms.internal.l8:
    java.lang.String zzjyp -> s
    void zza(com.google.android.gms.common.api.Api$zzb) -> d
com.google.android.gms.internal.zzcvc -> com.google.android.gms.internal.m8:
    void zza(com.google.android.gms.common.api.Api$zzb) -> d
com.google.android.gms.internal.zzcvd -> com.google.android.gms.internal.n8:
    java.util.Collection zzjyq -> s
    void zza(com.google.android.gms.common.api.Api$zzb) -> d
com.google.android.gms.internal.zzcve -> com.google.android.gms.internal.o8:
    java.lang.String[] zzjyr -> s
    void zza(com.google.android.gms.common.api.Api$zzb) -> d
com.google.android.gms.internal.zzcvf -> com.google.android.gms.internal.p8:
com.google.android.gms.internal.zzcvg -> com.google.android.gms.internal.q8:
    com.google.android.gms.common.api.Status zzenv -> a
com.google.android.gms.internal.zzcvh -> com.google.android.gms.internal.zzcvh:
    java.lang.String zzjyv -> f
    java.lang.String zzegt -> j
    com.google.android.gms.internal.zzcvh$zzd zzjzb -> p
    java.util.List zzjzf -> t
    java.lang.String zzbuz -> l
    int zzeck -> b
    java.lang.String zzah -> x
    int zzjzg -> u
    java.lang.String zzjys -> c
    java.lang.String zzjyu -> e
    boolean zzjza -> n
    java.lang.String zzjyy -> i
    int zzbdw -> k
    com.google.android.gms.internal.zzcvh$zzc zzjyz -> m
    java.util.List zzjze -> s
    java.lang.String zzdrl -> o
    java.util.HashMap zzeea -> A
    int zzjyw -> g
    java.util.List zzjzj -> y
    java.util.Set zzeeb -> a
    java.lang.String zzjzc -> q
    java.lang.String zzjzi -> w
    boolean zzjzk -> z
    int zzjzh -> v
    com.google.android.gms.internal.zzcvh$zzb zzjyx -> h
    com.google.android.gms.internal.zzcvh$zza zzjyt -> d
    int zzjzd -> r
    boolean zza(com.google.android.gms.internal.zzbgo) -> d
    java.lang.Object zzb(com.google.android.gms.internal.zzbgo) -> e
com.google.android.gms.internal.zzcvh$zza -> com.google.android.gms.internal.zzcvh$zza:
    java.util.Set zzeeb -> a
    int zzjzm -> d
    int zzeck -> b
    java.util.HashMap zzeea -> e
    int zzjzl -> c
    boolean zza(com.google.android.gms.internal.zzbgo) -> d
    java.lang.Object zzb(com.google.android.gms.internal.zzbgo) -> e
com.google.android.gms.internal.zzcvh$zzb -> com.google.android.gms.internal.zzcvh$zzb:
    com.google.android.gms.internal.zzcvh$zzb$zza zzjzn -> c
    com.google.android.gms.internal.zzcvh$zzb$zzb zzjzo -> d
    java.util.Set zzeeb -> a
    int zzjzp -> e
    java.util.HashMap zzeea -> f
    int zzeck -> b
    boolean zza(com.google.android.gms.internal.zzbgo) -> d
    java.lang.Object zzb(com.google.android.gms.internal.zzbgo) -> e