Grupo3DDM/Intermediate/Android/armv7/gradle/app/build/outputs/mapping/release/usage.txt
com.epicgames.ue4.VideoDecoder$BitmapRenderer:
    private void glWarn(java.lang.String)
    private static final int FLOAT_SIZE_BYTES
    private static final int TRIANGLE_VERTICES_DATA_STRIDE_BYTES
    private static final int TRIANGLE_VERTICES_DATA_POS_OFFSET
    private static final int TRIANGLE_VERTICES_DATA_UV_OFFSET
android.support.coreutils.R$id
com.google.android.vending.expansion.downloader.DownloaderClientMarshaller:
    public void <init>()
    public static final int MSG_ONDOWNLOADSTATE_CHANGED
    public static final int MSG_ONDOWNLOADPROGRESS
    public static final int MSG_ONSERVICECONNECTED
    public static final java.lang.String PARAM_NEW_STATE
    public static final java.lang.String PARAM_PROGRESS
    public static final java.lang.String PARAM_MESSENGER
    public static final int NO_DOWNLOAD_REQUIRED
    public static final int LVL_CHECK_REQUIRED
    public static final int DOWNLOAD_REQUIRED
android.support.v4.media.session.PlaybackStateCompat$ErrorCode
android.support.v4.view.ViewPager$ItemInfo
android.arch.lifecycle.Transformations$1
android.support.v4.media.VolumeProviderCompatApi21
android.support.v4.app.FragmentManagerImpl:
    public boolean executePendingTransactions()
    public void popBackStack()
    public void popBackStack(java.lang.String,int)
    public boolean popBackStackImmediate(java.lang.String,int)
    public boolean popBackStackImmediate(int,int)
    public int getBackStackEntryCount()
    public android.support.v4.app.FragmentManager$BackStackEntry getBackStackEntryAt(int)
    public void addOnBackStackChangedListener(android.support.v4.app.FragmentManager$OnBackStackChangedListener)
    public void removeOnBackStackChangedListener(android.support.v4.app.FragmentManager$OnBackStackChangedListener)
    java.util.List getActiveFragments()
    int getActiveFragmentCount()
    public android.support.v4.app.Fragment$SavedState saveFragmentInstanceState(android.support.v4.app.Fragment)
    public boolean isDestroyed()
    public void unregisterFragmentLifecycleCallbacks(android.support.v4.app.FragmentManager$FragmentLifecycleCallbacks)
    static final java.lang.String TAG
    static final java.lang.String TARGET_REQUEST_CODE_STATE_TAG
    static final java.lang.String TARGET_STATE_TAG
    static final java.lang.String VIEW_STATE_TAG
    static final java.lang.String USER_VISIBLE_HINT_TAG
    static final int ANIM_DUR
    public static final int ANIM_STYLE_OPEN_ENTER
    public static final int ANIM_STYLE_OPEN_EXIT
    public static final int ANIM_STYLE_CLOSE_ENTER
    public static final int ANIM_STYLE_CLOSE_EXIT
android.support.v13.view.inputmethod.InputContentInfoCompat$InputContentInfoCompatApi25Impl
android.support.coreutils.R
android.support.v4.media.session.MediaControllerCompat$PlaybackInfo:
    public int getPlaybackType()
    public int getAudioStream()
    public int getVolumeControl()
    public int getMaxVolume()
    public int getCurrentVolume()
    public static final int PLAYBACK_TYPE_LOCAL
    public static final int PLAYBACK_TYPE_REMOTE
com.android.vending.expansion.zipfile.APEZProvider
android.support.coreui.R$bool
android.support.v4.view.ViewPropertyAnimatorListenerAdapter
android.support.v4.media.MediaBrowserCompat$MediaBrowserImplApi21$4
android.support.v4.app.FrameMetricsAggregator$FrameMetricsApi24Impl$1
android.support.v4.content.res.FontResourcesParserCompat$FetchStrategy
android.support.v4.hardware.display.DisplayManagerCompat$DisplayManagerCompatApi14Impl
com.android.billingclient.api.BillingClient$BillingResponseCode
android.support.coreui.R$drawable
android.arch.core.R
android.support.v4.media.MediaBrowserCompat$SearchResultReceiver:
    void <init>(java.lang.String,android.os.Bundle,android.support.v4.media.MediaBrowserCompat$SearchCallback,android.os.Handler)
android.support.v4.content.pm.ShortcutManagerCompat
android.support.v4.media.MediaBrowserServiceCompat$ServiceBinderImpl$2
com.android.vending.expansion.downloader.R$layout